mode: set
auth_service/internal/service/auth_service.go:21.70,24.2 2 1
auth_service/internal/service/auth_service.go:32.107,34.26 2 1
auth_service/internal/service/auth_service.go:34.26,36.3 1 1
auth_service/internal/service/auth_service.go:37.2,38.16 2 1
auth_service/internal/service/auth_service.go:38.16,42.3 3 0
auth_service/internal/service/auth_service.go:43.2,47.23 5 1
auth_service/internal/service/auth_service.go:47.23,51.3 3 1
auth_service/internal/service/auth_service.go:52.2,52.79 1 1
auth_service/internal/service/auth_service.go:54.109,56.26 2 1
auth_service/internal/service/auth_service.go:56.26,58.3 1 1
auth_service/internal/service/auth_service.go:59.2,60.23 2 1
auth_service/internal/service/auth_service.go:60.23,64.3 3 1
auth_service/internal/service/auth_service.go:65.2,65.79 1 1
auth_service/internal/service/auth_service.go:67.86,69.11 2 1
auth_service/internal/service/auth_service.go:69.11,71.3 1 1
auth_service/internal/service/auth_service.go:72.2,73.16 2 1
auth_service/internal/service/auth_service.go:73.16,75.9 2 1
auth_service/internal/service/auth_service.go:75.9,77.41 2 1
auth_service/internal/service/auth_service.go:77.41,79.22 1 1
auth_service/internal/service/auth_service.go:81.18,82.45 1 1
auth_service/internal/service/auth_service.go:83.16,85.31 2 1
auth_service/internal/service/auth_service.go:87.13,89.31 2 1
auth_service/internal/service/auth_service.go:92.4,92.16 1 1
auth_service/internal/service/auth_service.go:95.2,95.12 1 1
auth_service/internal/service/auth_service.go:105.78,115.2 5 0
auth_service/internal/service/auth_service.go:116.85,118.9 2 0
auth_service/internal/service/auth_service.go:118.9,120.3 1 0
auth_service/internal/service/auth_service.go:121.2,121.41 1 0
auth_service/internal/service/auth_service.go:121.41,124.3 1 0
auth_service/internal/service/auth_service.go:126.2,126.78 1 0
auth_service/internal/service/service.go:24.56,29.2 1 0
