mode: set
auth_service/internal/repository/aurh_repository.go:23.115,30.16 3 1
auth_service/internal/repository/aurh_repository.go:30.16,31.36 1 1
auth_service/internal/repository/aurh_repository.go:31.36,33.4 1 1
auth_service/internal/repository/aurh_repository.go:34.3,34.72 1 1
auth_service/internal/repository/aurh_repository.go:37.2,37.93 1 1
auth_service/internal/repository/aurh_repository.go:39.124,44.26 4 1
auth_service/internal/repository/aurh_repository.go:44.26,46.3 1 1
auth_service/internal/repository/aurh_repository.go:47.2,47.16 1 1
auth_service/internal/repository/aurh_repository.go:47.16,49.3 1 1
auth_service/internal/repository/aurh_repository.go:51.2,52.16 2 1
auth_service/internal/repository/aurh_repository.go:52.16,55.3 1 1
auth_service/internal/repository/aurh_repository.go:57.2,57.86 1 1
auth_service/internal/repository/aurh_repository.go:59.48,61.2 1 1
auth_service/internal/repository/db.go:21.76,23.2 1 0
auth_service/internal/repository/db.go:25.42,27.2 1 0
auth_service/internal/repository/db.go:29.43,31.2 1 0
auth_service/internal/repository/db.go:32.30,39.16 5 1
auth_service/internal/repository/db.go:39.16,42.3 2 0
auth_service/internal/repository/db.go:44.2,44.51 1 1
auth_service/internal/repository/db.go:46.60,57.16 10 1
auth_service/internal/repository/db.go:57.16,59.3 1 1
auth_service/internal/repository/db.go:60.2,61.16 2 1
auth_service/internal/repository/db.go:61.16,64.3 2 1
auth_service/internal/repository/db.go:65.2,65.16 1 1
auth_service/internal/repository/repository.go:17.48,21.2 1 0
