mode: set
auth_service/internal/repository/db.go:36.44,38.2 1 0
auth_service/internal/repository/db.go:40.86,42.16 2 0
auth_service/internal/repository/db.go:42.16,45.3 2 0
auth_service/internal/repository/db.go:46.2,46.16 1 0
auth_service/internal/repository/db.go:49.43,51.16 2 0
auth_service/internal/repository/db.go:51.16,54.3 2 0
auth_service/internal/repository/db.go:55.2,55.12 1 0
auth_service/internal/repository/db.go:58.38,60.16 2 0
auth_service/internal/repository/db.go:60.16,62.3 1 0
auth_service/internal/repository/db.go:65.68,83.16 6 0
auth_service/internal/repository/db.go:83.16,86.3 2 0
auth_service/internal/repository/db.go:87.2,88.16 2 0
auth_service/internal/repository/db.go:88.16,92.3 3 0
auth_service/internal/repository/db.go:93.2,93.29 1 0
auth_service/internal/repository/db.go:104.99,111.2 2 0
auth_service/internal/repository/db.go:113.56,116.2 2 0
auth_service/internal/repository/db.go:118.57,120.2 1 0
auth_service/internal/repository/db.go:122.80,126.16 3 0
auth_service/internal/repository/db.go:126.16,129.3 2 0
auth_service/internal/repository/db.go:130.2,131.16 2 0
auth_service/internal/repository/db.go:131.16,135.3 3 0
auth_service/internal/repository/db.go:136.2,136.36 1 0
auth_service/internal/repository/postgres_repository.go:19.101,26.16 3 1
auth_service/internal/repository/postgres_repository.go:26.16,28.36 2 1
auth_service/internal/repository/postgres_repository.go:28.36,30.4 1 1
auth_service/internal/repository/postgres_repository.go:31.3,31.58 1 1
auth_service/internal/repository/postgres_repository.go:34.2,38.76 3 1
auth_service/internal/repository/postgres_repository.go:41.110,46.16 4 1
auth_service/internal/repository/postgres_repository.go:46.16,48.36 2 1
auth_service/internal/repository/postgres_repository.go:48.36,50.4 1 1
auth_service/internal/repository/postgres_repository.go:51.3,51.58 1 1
auth_service/internal/repository/postgres_repository.go:54.2,55.16 2 1
auth_service/internal/repository/postgres_repository.go:55.16,58.3 2 1
auth_service/internal/repository/postgres_repository.go:60.2,64.76 3 1
auth_service/internal/repository/postgres_repository.go:66.70,68.2 1 0
auth_service/internal/repository/postgres_repository.go:70.74,72.2 1 0
auth_service/internal/repository/postgres_repository.go:74.72,76.2 1 0
auth_service/internal/repository/postgres_repository.go:77.48,79.2 1 1
auth_service/internal/repository/redis_repository.go:18.130,24.16 2 0
auth_service/internal/repository/redis_repository.go:24.16,27.3 2 0
auth_service/internal/repository/redis_repository.go:29.2,30.16 2 0
auth_service/internal/repository/redis_repository.go:30.16,33.3 2 0
auth_service/internal/repository/redis_repository.go:35.2,41.76 3 0
auth_service/internal/repository/redis_repository.go:44.99,46.16 2 0
auth_service/internal/repository/redis_repository.go:46.16,49.3 2 0
auth_service/internal/repository/redis_repository.go:51.2,51.22 1 0
auth_service/internal/repository/redis_repository.go:51.22,53.3 1 0
auth_service/internal/repository/redis_repository.go:55.2,56.9 2 0
auth_service/internal/repository/redis_repository.go:56.9,58.3 1 0
auth_service/internal/repository/redis_repository.go:60.2,61.9 2 0
auth_service/internal/repository/redis_repository.go:61.9,63.3 1 0
auth_service/internal/repository/redis_repository.go:65.2,66.16 2 0
auth_service/internal/repository/redis_repository.go:66.16,69.3 2 0
auth_service/internal/repository/redis_repository.go:71.2,72.16 2 0
auth_service/internal/repository/redis_repository.go:72.16,75.3 2 0
auth_service/internal/repository/redis_repository.go:77.2,83.76 3 0
auth_service/internal/repository/redis_repository.go:91.52,93.2 1 0
auth_service/internal/repository/repository.go:46.66,51.2 1 0
